20:56:47.896 [JavaFX Application Thread] DEBUG GameApplication      - Logger initialized
20:56:47.914 [JavaFX Application Thread] DEBUG GameApplication      - Logging settings
Title: Breakout App
Version: 0.1
Width: 800
Height: 600
Fullscreen: false
Intro: false
Menus: false
Profiling: false
Single step:false
App Mode: DEVELOPER
Menu Key: ESCAPE
Stage Style: DECORATED
Scene Factory: class com.almasb.fxgl.scene.SceneFactory
Dialog Factory: class com.almasb.fxgl.ui.FXGLDialogFactory
UI Factory: class com.almasb.fxgl.ui.FXGLUIFactory
Notification Service: class com.almasb.fxgl.gameplay.notification.XboxNotificationView
Exception Handler: class com.almasb.fxgl.app.FXGLExceptionHandler
20:56:47.915 [JavaFX Application Thread] DEBUG GameApplication      - Starting FXGL
20:56:47.922 [JavaFX Application Thread] INFO  FXGL                 - FXGL-0.5.4 on DESKTOP
20:56:47.923 [JavaFX Application Thread] INFO  FXGL                 - Source code and latest versions at: https://github.com/AlmasB/FXGL
20:56:47.923 [JavaFX Application Thread] INFO  FXGL                 -              Join the FXGL chat at: https://gitter.im/AlmasB/FXGL
20:56:47.923 [JavaFX Application Thread] DEBUG FXGL                 - FXGL started
20:56:47.923 [JavaFX Application Thread] DEBUG FXGL                 - Initializing FXGL
20:56:47.993 [JavaFX Application Thread] DEBUG AssetLoader          - Loading from disk: /assets/ui/cursors/fxgl_default.png
20:56:48.099 [JavaFX Application Thread] DEBUG AssetLoader          - Loading from disk: /assets/ui/fonts/VarelaRound-Regular.ttf
20:56:48.172 [JavaFX Application Thread] DEBUG MainWindow           - Creating a JavaFX scene
20:56:48.220 [JavaFX Application Thread] DEBUG MainWindow           - Target settings size: 800.0 x 600.0
20:56:48.220 [JavaFX Application Thread] DEBUG MainWindow           - Scaled scene size:    800.0 x 600.0
20:56:48.221 [JavaFX Application Thread] DEBUG MainWindow           - Scaled ratio: (1.0, 1.0)
20:56:48.225 [JavaFX Application Thread] DEBUG AssetLoader          - Loading from disk: /assets/ui/css/fxgl_dark.css
20:56:48.230 [JavaFX Application Thread] DEBUG AssetLoader          - Loading from disk: /assets/textures/fxgl_icon.png
20:56:48.252 [JavaFX Application Thread] DEBUG MainWindow           - Opening main window
20:56:48.510 [JavaFX Application Thread] DEBUG MainWindow           - Window border size: (0.0, 35.0)
20:56:48.511 [JavaFX Application Thread] DEBUG MainWindow           - Scaled size: 800.0 x 565.0
20:56:48.512 [JavaFX Application Thread] DEBUG MainWindow           - Scaled ratio: (1.0, 0.9416666666666667)
20:56:48.514 [JavaFX Application Thread] DEBUG MainWindow           - Scene size: 800.0 x 600.0
20:56:48.514 [JavaFX Application Thread] DEBUG MainWindow           - Stage size: 800.0 x 600.0
20:56:48.617 [ForkJoinPool.commonPool-worker-1] DEBUG FS                   - Loaded DesktopFSService
20:56:48.617 [ForkJoinPool.commonPool-worker-1] DEBUG FXGL                 - Loading FXGL system data
20:56:48.639 [ForkJoinPool.commonPool-worker-1] DEBUG DesktopFSService     - Reading from: system/fxgl.bundle
20:56:48.674 [ForkJoinPool.commonPool-worker-1] DEBUG Bundle               - Logging bundle: FXGL
20:56:48.679 [ForkJoinPool.commonPool-worker-1] DEBUG Bundle               - FXGL.offline.timer.version.check=2018-12-15T12:10:43.599
20:56:48.691 [ForkJoinPool.commonPool-worker-1] DEBUG FXGL                 - Initializing state machine and application states
20:56:48.693 [ForkJoinPool.commonPool-worker-1] DEBUG AssetLoader          - Loading from disk: /assets/ui/cursors/fxgl_default.png
20:56:48.699 [ForkJoinPool.commonPool-worker-1] DEBUG AssetLoader          - Loading from disk: /assets/ui/cursors/fxgl_default.png
20:56:48.725 [ForkJoinPool.commonPool-worker-1] DEBUG AssetLoader          - Loading from cache: /assets/ui/fonts/VarelaRound-Regular.ttf
20:56:48.747 [ForkJoinPool.commonPool-worker-1] DEBUG AssetLoader          - Loading from disk: /assets/ui/cursors/fxgl_default.png
20:56:48.764 [ForkJoinPool.commonPool-worker-1] DEBUG GameScene            - Game scene initialized: 800x600
20:56:48.777 [ForkJoinPool.commonPool-worker-1] DEBUG GameWorld            - Game world initialized
20:56:48.933 [ForkJoinPool.commonPool-worker-1] DEBUG PhysicsWorld         - Physics world initialized: appHeight=600, physics.ppm=50,0
20:56:48.983 [ForkJoinPool.commonPool-worker-1] DEBUG Input                - Registered new binding: Pause - Esc
20:56:49.059 [JavaFX Application Thread] DEBUG FXGL                 - Running preInit()
20:56:49.072 [JavaFX Application Thread] DEBUG Input                - Registered new binding: Screenshot - P
20:56:49.072 [JavaFX Application Thread] DEBUG Input                - Registered new binding: Dev Options - CTRL+0
20:56:49.073 [JavaFX Application Thread] DEBUG Input                - Registered new binding: System info dump - CTRL+9
20:56:49.074 [JavaFX Application Thread] DEBUG Input                - Registered new binding: Restart - CTRL+R
20:56:49.074 [JavaFX Application Thread] DEBUG Input                - Registered new binding: Move Right - D
20:56:49.074 [JavaFX Application Thread] DEBUG Input                - Registered new binding: Move Left - A
20:56:49.075 [JavaFX Application Thread] DEBUG Input                - Registered new binding: Release Ball - Space
20:56:49.075 [JavaFX Application Thread] DEBUG Input                - Registered new binding: Add Level - N
20:56:49.075 [JavaFX Application Thread] INFO  FXGL                 - FXGL initialization took: 1,152 sec
20:56:49.075 [JavaFX Application Thread] DEBUG LoopRunner           - Starting loop
20:56:49.077 [JavaFX Application Thread] DEBUG StartupState         - STARTUP
20:56:49.077 [JavaFX Application Thread] DEBUG GameApplication      - Starting new game
20:56:49.077 [JavaFX Application Thread] DEBUG Input                - Clearing active input actions
20:56:49.079 [JavaFX Application Thread] DEBUG AssetLoader          - Loading from disk: /assets/ui/css/fxgl_dark.css
20:56:49.089 [JavaFX Application Thread] DEBUG AppStateMachine      - StartupState -> LoadingState
20:56:49.100 [FXGL Background Thread 1 ] DEBUG InitAppTask          - Clearing previous game
20:56:49.100 [FXGL Background Thread 1 ] DEBUG GameWorld            - Clearing game world
20:56:49.100 [FXGL Background Thread 1 ] DEBUG PhysicsWorld         - Clearing physics world
20:56:49.100 [FXGL Background Thread 1 ] DEBUG GameScene            - Clearing game scene
20:56:49.104 [FXGL Background Thread 1 ] DEBUG InitAppTask          - Initializing Game
20:56:49.402 [FXGL Background Thread 1 ] DEBUG GameScene            - Creating render group for layer: DEFAULT(100000)
20:56:49.405 [FXGL Background Thread 1 ] DEBUG GameScene            - Creating render group for layer: BACKGROUND(1000)
20:56:49.407 [FXGL Background Thread 1 ] DEBUG InitAppTask          - Initializing Physics
20:56:49.408 [FXGL Background Thread 1 ] DEBUG InitAppTask          - Initializing UI
20:56:49.408 [FXGL Background Thread 1 ] DEBUG AssetLoader          - Loading from cache: /assets/ui/fonts/VarelaRound-Regular.ttf
20:56:49.409 [FXGL Background Thread 1 ] DEBUG AssetLoader          - Loading from cache: /assets/ui/fonts/VarelaRound-Regular.ttf
20:56:49.409 [FXGL Background Thread 1 ] DEBUG AssetLoader          - Loading from cache: /assets/ui/fonts/VarelaRound-Regular.ttf
20:56:49.411 [FXGL Background Thread 1 ] DEBUG AssetLoader          - Loading from cache: /assets/ui/fonts/VarelaRound-Regular.ttf
20:56:49.411 [FXGL Background Thread 1 ] DEBUG AssetLoader          - Loading from cache: /assets/ui/fonts/VarelaRound-Regular.ttf
20:56:49.412 [FXGL Background Thread 1 ] DEBUG AssetLoader          - Loading from cache: /assets/ui/fonts/VarelaRound-Regular.ttf
20:56:49.414 [FXGL Background Thread 1 ] DEBUG InitAppTask          - Initialization Complete
20:56:49.415 [FXGL Background Thread 1 ] INFO  InitAppTask          - Game initialization took: 0,315 sec
20:56:49.417 [JavaFX Application Thread] DEBUG Input                - Clearing active input actions
20:56:49.417 [JavaFX Application Thread] DEBUG AssetLoader          - Loading from disk: /assets/ui/css/fxgl_dark.css
20:56:49.431 [JavaFX Application Thread] DEBUG AppStateMachine      - LoadingState -> PlayState
20:56:49.724 [JavaFX Application Thread] DEBUG AssetLoader          - Loading from disk: /assets/textures/golden.png
20:56:49.738 [JavaFX Application Thread] DEBUG AssetLoader          - Loading from disk: /assets/textures/metal.png
20:56:49.746 [JavaFX Application Thread] DEBUG AssetLoader          - Loading from disk: /assets/textures/wood.png
20:56:52.185 [JavaFX Application Thread] DEBUG AssetLoader          - Loading from disk: /assets/textures/woodd.png
20:56:57.863 [JavaFX Application Thread] DEBUG AssetLoader          - Loading from cache: /assets/sounds/test2.wav
20:57:07.743 [JavaFX Application Thread] DEBUG FXGL                 - Exiting FXGL
20:57:07.744 [JavaFX Application Thread] DEBUG FXGL                 - Shutting down background threads
20:57:07.744 [JavaFX Application Thread] DEBUG FXGL                 - Saving FXGL system data
20:57:07.747 [JavaFX Application Thread] DEBUG DesktopFSService     - Writing to: system/fxgl.bundle
20:57:07.750 [JavaFX Application Thread] DEBUG FXGL                 - Closing logger and exiting JavaFX
