21:00:40.446 [JavaFX Application Thread] DEBUG GameApplication      - Logger initialized
21:00:40.464 [JavaFX Application Thread] DEBUG GameApplication      - Logging settings
Title: Breakout App
Version: 0.1
Width: 800
Height: 600
Fullscreen: false
Intro: false
Menus: false
Profiling: false
Single step:false
App Mode: DEVELOPER
Menu Key: ESCAPE
Stage Style: DECORATED
Scene Factory: class com.almasb.fxgl.scene.SceneFactory
Dialog Factory: class com.almasb.fxgl.ui.FXGLDialogFactory
UI Factory: class com.almasb.fxgl.ui.FXGLUIFactory
Notification Service: class com.almasb.fxgl.gameplay.notification.XboxNotificationView
Exception Handler: class com.almasb.fxgl.app.FXGLExceptionHandler
21:00:40.464 [JavaFX Application Thread] DEBUG GameApplication      - Starting FXGL
21:00:40.473 [JavaFX Application Thread] INFO  FXGL                 - FXGL-0.5.4 on DESKTOP
21:00:40.473 [JavaFX Application Thread] INFO  FXGL                 - Source code and latest versions at: https://github.com/AlmasB/FXGL
21:00:40.473 [JavaFX Application Thread] INFO  FXGL                 -              Join the FXGL chat at: https://gitter.im/AlmasB/FXGL
21:00:40.474 [JavaFX Application Thread] DEBUG FXGL                 - FXGL started
21:00:40.474 [JavaFX Application Thread] DEBUG FXGL                 - Initializing FXGL
21:00:40.548 [JavaFX Application Thread] DEBUG AssetLoader          - Loading from disk: /assets/ui/cursors/fxgl_default.png
21:00:40.660 [JavaFX Application Thread] DEBUG AssetLoader          - Loading from disk: /assets/ui/fonts/VarelaRound-Regular.ttf
21:00:40.756 [JavaFX Application Thread] DEBUG MainWindow           - Creating a JavaFX scene
21:00:40.832 [JavaFX Application Thread] DEBUG MainWindow           - Target settings size: 800.0 x 600.0
21:00:40.833 [JavaFX Application Thread] DEBUG MainWindow           - Scaled scene size:    800.0 x 600.0
21:00:40.835 [JavaFX Application Thread] DEBUG MainWindow           - Scaled ratio: (1.0, 1.0)
21:00:40.841 [JavaFX Application Thread] DEBUG AssetLoader          - Loading from disk: /assets/ui/css/fxgl_dark.css
21:00:40.847 [JavaFX Application Thread] DEBUG AssetLoader          - Loading from disk: /assets/textures/fxgl_icon.png
21:00:40.893 [JavaFX Application Thread] DEBUG MainWindow           - Opening main window
21:00:41.182 [JavaFX Application Thread] DEBUG MainWindow           - Window border size: (0.0, 35.0)
21:00:41.183 [JavaFX Application Thread] DEBUG MainWindow           - Scaled size: 800.0 x 565.0
21:00:41.184 [JavaFX Application Thread] DEBUG MainWindow           - Scaled ratio: (1.0, 0.9416666666666667)
21:00:41.186 [JavaFX Application Thread] DEBUG MainWindow           - Scene size: 800.0 x 600.0
21:00:41.186 [JavaFX Application Thread] DEBUG MainWindow           - Stage size: 800.0 x 600.0
21:00:41.269 [ForkJoinPool.commonPool-worker-1] DEBUG FS                   - Loaded DesktopFSService
21:00:41.269 [ForkJoinPool.commonPool-worker-1] DEBUG FXGL                 - Loading FXGL system data
21:00:41.281 [ForkJoinPool.commonPool-worker-1] DEBUG DesktopFSService     - Reading from: system/fxgl.bundle
21:00:41.297 [ForkJoinPool.commonPool-worker-1] DEBUG Bundle               - Logging bundle: FXGL
21:00:41.298 [ForkJoinPool.commonPool-worker-1] DEBUG Bundle               - FXGL.offline.timer.version.check=2018-12-15T12:10:43.599
21:00:41.303 [ForkJoinPool.commonPool-worker-1] DEBUG FXGL                 - Initializing state machine and application states
21:00:41.305 [ForkJoinPool.commonPool-worker-1] DEBUG AssetLoader          - Loading from disk: /assets/ui/cursors/fxgl_default.png
21:00:41.324 [ForkJoinPool.commonPool-worker-1] DEBUG AssetLoader          - Loading from disk: /assets/ui/cursors/fxgl_default.png
21:00:41.335 [ForkJoinPool.commonPool-worker-1] DEBUG AssetLoader          - Loading from cache: /assets/ui/fonts/VarelaRound-Regular.ttf
21:00:41.338 [ForkJoinPool.commonPool-worker-1] DEBUG AssetLoader          - Loading from disk: /assets/ui/cursors/fxgl_default.png
21:00:41.347 [ForkJoinPool.commonPool-worker-1] DEBUG GameScene            - Game scene initialized: 800x600
21:00:41.354 [ForkJoinPool.commonPool-worker-1] DEBUG GameWorld            - Game world initialized
21:00:41.505 [ForkJoinPool.commonPool-worker-1] DEBUG PhysicsWorld         - Physics world initialized: appHeight=600, physics.ppm=50,0
21:00:41.565 [ForkJoinPool.commonPool-worker-1] DEBUG Input                - Registered new binding: Pause - Esc
21:00:41.648 [JavaFX Application Thread] DEBUG FXGL                 - Running preInit()
21:00:41.650 [JavaFX Application Thread] DEBUG Input                - Registered new binding: Screenshot - P
21:00:41.650 [JavaFX Application Thread] DEBUG Input                - Registered new binding: Dev Options - CTRL+0
21:00:41.651 [JavaFX Application Thread] DEBUG Input                - Registered new binding: System info dump - CTRL+9
21:00:41.652 [JavaFX Application Thread] DEBUG Input                - Registered new binding: Restart - CTRL+R
21:00:41.652 [JavaFX Application Thread] DEBUG Input                - Registered new binding: Move Right - D
21:00:41.652 [JavaFX Application Thread] DEBUG Input                - Registered new binding: Move Left - A
21:00:41.652 [JavaFX Application Thread] DEBUG Input                - Registered new binding: Release Ball - Space
21:00:41.653 [JavaFX Application Thread] DEBUG Input                - Registered new binding: Add Level - N
21:00:41.654 [JavaFX Application Thread] INFO  FXGL                 - FXGL initialization took: 1,179 sec
21:00:41.654 [JavaFX Application Thread] DEBUG LoopRunner           - Starting loop
21:00:41.656 [JavaFX Application Thread] DEBUG StartupState         - STARTUP
21:00:41.656 [JavaFX Application Thread] DEBUG GameApplication      - Starting new game
21:00:41.656 [JavaFX Application Thread] DEBUG Input                - Clearing active input actions
21:00:41.657 [JavaFX Application Thread] DEBUG AssetLoader          - Loading from disk: /assets/ui/css/fxgl_dark.css
21:00:41.668 [JavaFX Application Thread] DEBUG AppStateMachine      - StartupState -> LoadingState
21:00:41.686 [FXGL Background Thread 1 ] DEBUG InitAppTask          - Clearing previous game
21:00:41.686 [FXGL Background Thread 1 ] DEBUG GameWorld            - Clearing game world
21:00:41.686 [FXGL Background Thread 1 ] DEBUG PhysicsWorld         - Clearing physics world
21:00:41.686 [FXGL Background Thread 1 ] DEBUG GameScene            - Clearing game scene
21:00:41.688 [FXGL Background Thread 1 ] DEBUG InitAppTask          - Initializing Game
21:00:41.883 [FXGL Background Thread 1 ] DEBUG GameScene            - Creating render group for layer: DEFAULT(100000)
21:00:41.887 [FXGL Background Thread 1 ] DEBUG GameScene            - Creating render group for layer: BACKGROUND(1000)
21:00:41.889 [FXGL Background Thread 1 ] DEBUG InitAppTask          - Initializing Physics
21:00:41.891 [FXGL Background Thread 1 ] DEBUG InitAppTask          - Initializing UI
21:00:41.891 [FXGL Background Thread 1 ] DEBUG AssetLoader          - Loading from cache: /assets/ui/fonts/VarelaRound-Regular.ttf
21:00:41.892 [FXGL Background Thread 1 ] DEBUG AssetLoader          - Loading from cache: /assets/ui/fonts/VarelaRound-Regular.ttf
21:00:41.892 [FXGL Background Thread 1 ] DEBUG AssetLoader          - Loading from cache: /assets/ui/fonts/VarelaRound-Regular.ttf
21:00:41.894 [FXGL Background Thread 1 ] DEBUG AssetLoader          - Loading from cache: /assets/ui/fonts/VarelaRound-Regular.ttf
21:00:41.895 [FXGL Background Thread 1 ] DEBUG AssetLoader          - Loading from cache: /assets/ui/fonts/VarelaRound-Regular.ttf
21:00:41.895 [FXGL Background Thread 1 ] DEBUG AssetLoader          - Loading from cache: /assets/ui/fonts/VarelaRound-Regular.ttf
21:00:41.899 [FXGL Background Thread 1 ] DEBUG InitAppTask          - Initialization Complete
21:00:41.899 [FXGL Background Thread 1 ] INFO  InitAppTask          - Game initialization took: 0,213 sec
21:00:41.916 [JavaFX Application Thread] DEBUG Input                - Clearing active input actions
21:00:41.916 [JavaFX Application Thread] DEBUG AssetLoader          - Loading from disk: /assets/ui/css/fxgl_dark.css
21:00:41.928 [JavaFX Application Thread] DEBUG AppStateMachine      - LoadingState -> PlayState
21:00:42.299 [JavaFX Application Thread] DEBUG AssetLoader          - Loading from disk: /assets/textures/glass.png
21:00:42.309 [JavaFX Application Thread] DEBUG AssetLoader          - Loading from disk: /assets/textures/golden.png
21:00:42.316 [JavaFX Application Thread] DEBUG AssetLoader          - Loading from cache: /assets/textures/glass.png@60.0x30.0
21:00:42.317 [JavaFX Application Thread] DEBUG AssetLoader          - Loading from cache: /assets/textures/glass.png@60.0x30.0
21:00:49.151 [JavaFX Application Thread] DEBUG AssetLoader          - Loading from cache: /assets/sounds/glass_hit2.wav
21:00:59.456 [JavaFX Application Thread] DEBUG FXGL                 - Exiting FXGL
21:00:59.457 [JavaFX Application Thread] DEBUG FXGL                 - Shutting down background threads
21:00:59.459 [JavaFX Application Thread] DEBUG FXGL                 - Saving FXGL system data
21:00:59.469 [JavaFX Application Thread] DEBUG DesktopFSService     - Writing to: system/fxgl.bundle
21:00:59.481 [JavaFX Application Thread] DEBUG FXGL                 - Closing logger and exiting JavaFX
