20:58:26.242 [JavaFX Application Thread] DEBUG GameApplication      - Logger initialized
20:58:26.257 [JavaFX Application Thread] DEBUG GameApplication      - Logging settings
Title: Breakout App
Version: 0.1
Width: 800
Height: 600
Fullscreen: false
Intro: false
Menus: false
Profiling: false
Single step:false
App Mode: DEVELOPER
Menu Key: ESCAPE
Stage Style: DECORATED
Scene Factory: class com.almasb.fxgl.scene.SceneFactory
Dialog Factory: class com.almasb.fxgl.ui.FXGLDialogFactory
UI Factory: class com.almasb.fxgl.ui.FXGLUIFactory
Notification Service: class com.almasb.fxgl.gameplay.notification.XboxNotificationView
Exception Handler: class com.almasb.fxgl.app.FXGLExceptionHandler
20:58:26.257 [JavaFX Application Thread] DEBUG GameApplication      - Starting FXGL
20:58:26.268 [JavaFX Application Thread] INFO  FXGL                 - FXGL-0.5.4 on DESKTOP
20:58:26.269 [JavaFX Application Thread] INFO  FXGL                 - Source code and latest versions at: https://github.com/AlmasB/FXGL
20:58:26.269 [JavaFX Application Thread] INFO  FXGL                 -              Join the FXGL chat at: https://gitter.im/AlmasB/FXGL
20:58:26.269 [JavaFX Application Thread] DEBUG FXGL                 - FXGL started
20:58:26.269 [JavaFX Application Thread] DEBUG FXGL                 - Initializing FXGL
20:58:26.337 [JavaFX Application Thread] DEBUG AssetLoader          - Loading from disk: /assets/ui/cursors/fxgl_default.png
20:58:26.464 [JavaFX Application Thread] DEBUG AssetLoader          - Loading from disk: /assets/ui/fonts/VarelaRound-Regular.ttf
20:58:26.537 [JavaFX Application Thread] DEBUG MainWindow           - Creating a JavaFX scene
20:58:26.592 [JavaFX Application Thread] DEBUG MainWindow           - Target settings size: 800.0 x 600.0
20:58:26.593 [JavaFX Application Thread] DEBUG MainWindow           - Scaled scene size:    800.0 x 600.0
20:58:26.593 [JavaFX Application Thread] DEBUG MainWindow           - Scaled ratio: (1.0, 1.0)
20:58:26.597 [JavaFX Application Thread] DEBUG AssetLoader          - Loading from disk: /assets/ui/css/fxgl_dark.css
20:58:26.602 [JavaFX Application Thread] DEBUG AssetLoader          - Loading from disk: /assets/textures/fxgl_icon.png
20:58:26.629 [JavaFX Application Thread] DEBUG MainWindow           - Opening main window
20:58:26.878 [JavaFX Application Thread] DEBUG MainWindow           - Window border size: (0.0, 35.0)
20:58:26.878 [JavaFX Application Thread] DEBUG MainWindow           - Scaled size: 800.0 x 565.0
20:58:26.878 [JavaFX Application Thread] DEBUG MainWindow           - Scaled ratio: (1.0, 0.9416666666666667)
20:58:26.878 [JavaFX Application Thread] DEBUG MainWindow           - Scene size: 800.0 x 600.0
20:58:26.879 [JavaFX Application Thread] DEBUG MainWindow           - Stage size: 800.0 x 600.0
20:58:26.987 [ForkJoinPool.commonPool-worker-1] DEBUG FS                   - Loaded DesktopFSService
20:58:26.987 [ForkJoinPool.commonPool-worker-1] DEBUG FXGL                 - Loading FXGL system data
20:58:27.008 [ForkJoinPool.commonPool-worker-1] DEBUG DesktopFSService     - Reading from: system/fxgl.bundle
20:58:27.029 [ForkJoinPool.commonPool-worker-1] DEBUG Bundle               - Logging bundle: FXGL
20:58:27.029 [ForkJoinPool.commonPool-worker-1] DEBUG Bundle               - FXGL.offline.timer.version.check=2018-12-15T12:10:43.599
20:58:27.039 [ForkJoinPool.commonPool-worker-1] DEBUG FXGL                 - Initializing state machine and application states
20:58:27.040 [ForkJoinPool.commonPool-worker-1] DEBUG AssetLoader          - Loading from disk: /assets/ui/cursors/fxgl_default.png
20:58:27.059 [ForkJoinPool.commonPool-worker-1] DEBUG AssetLoader          - Loading from disk: /assets/ui/cursors/fxgl_default.png
20:58:27.068 [ForkJoinPool.commonPool-worker-1] DEBUG AssetLoader          - Loading from cache: /assets/ui/fonts/VarelaRound-Regular.ttf
20:58:27.079 [ForkJoinPool.commonPool-worker-1] DEBUG AssetLoader          - Loading from disk: /assets/ui/cursors/fxgl_default.png
20:58:27.085 [ForkJoinPool.commonPool-worker-1] DEBUG GameScene            - Game scene initialized: 800x600
20:58:27.091 [ForkJoinPool.commonPool-worker-1] DEBUG GameWorld            - Game world initialized
20:58:27.239 [ForkJoinPool.commonPool-worker-1] DEBUG PhysicsWorld         - Physics world initialized: appHeight=600, physics.ppm=50,0
20:58:27.277 [ForkJoinPool.commonPool-worker-1] DEBUG Input                - Registered new binding: Pause - Esc
20:58:27.368 [JavaFX Application Thread] DEBUG FXGL                 - Running preInit()
20:58:27.370 [JavaFX Application Thread] DEBUG Input                - Registered new binding: Screenshot - P
20:58:27.371 [JavaFX Application Thread] DEBUG Input                - Registered new binding: Dev Options - CTRL+0
20:58:27.371 [JavaFX Application Thread] DEBUG Input                - Registered new binding: System info dump - CTRL+9
20:58:27.372 [JavaFX Application Thread] DEBUG Input                - Registered new binding: Restart - CTRL+R
20:58:27.372 [JavaFX Application Thread] DEBUG Input                - Registered new binding: Move Right - D
20:58:27.372 [JavaFX Application Thread] DEBUG Input                - Registered new binding: Move Left - A
20:58:27.373 [JavaFX Application Thread] DEBUG Input                - Registered new binding: Release Ball - Space
20:58:27.373 [JavaFX Application Thread] DEBUG Input                - Registered new binding: Add Level - N
20:58:27.375 [JavaFX Application Thread] INFO  FXGL                 - FXGL initialization took: 1,104 sec
20:58:27.376 [JavaFX Application Thread] DEBUG LoopRunner           - Starting loop
20:58:27.377 [JavaFX Application Thread] DEBUG StartupState         - STARTUP
20:58:27.377 [JavaFX Application Thread] DEBUG GameApplication      - Starting new game
20:58:27.378 [JavaFX Application Thread] DEBUG Input                - Clearing active input actions
20:58:27.379 [JavaFX Application Thread] DEBUG AssetLoader          - Loading from disk: /assets/ui/css/fxgl_dark.css
20:58:27.396 [JavaFX Application Thread] DEBUG AppStateMachine      - StartupState -> LoadingState
20:58:27.408 [FXGL Background Thread 1 ] DEBUG InitAppTask          - Clearing previous game
20:58:27.408 [FXGL Background Thread 1 ] DEBUG GameWorld            - Clearing game world
20:58:27.408 [FXGL Background Thread 1 ] DEBUG PhysicsWorld         - Clearing physics world
20:58:27.409 [FXGL Background Thread 1 ] DEBUG GameScene            - Clearing game scene
20:58:27.411 [FXGL Background Thread 1 ] DEBUG InitAppTask          - Initializing Game
20:58:27.621 [FXGL Background Thread 1 ] DEBUG GameScene            - Creating render group for layer: DEFAULT(100000)
20:58:27.623 [FXGL Background Thread 1 ] DEBUG GameScene            - Creating render group for layer: BACKGROUND(1000)
20:58:27.625 [FXGL Background Thread 1 ] DEBUG InitAppTask          - Initializing Physics
20:58:27.626 [FXGL Background Thread 1 ] DEBUG InitAppTask          - Initializing UI
20:58:27.626 [FXGL Background Thread 1 ] DEBUG AssetLoader          - Loading from cache: /assets/ui/fonts/VarelaRound-Regular.ttf
20:58:27.626 [FXGL Background Thread 1 ] DEBUG AssetLoader          - Loading from cache: /assets/ui/fonts/VarelaRound-Regular.ttf
20:58:27.627 [FXGL Background Thread 1 ] DEBUG AssetLoader          - Loading from cache: /assets/ui/fonts/VarelaRound-Regular.ttf
20:58:27.628 [FXGL Background Thread 1 ] DEBUG AssetLoader          - Loading from cache: /assets/ui/fonts/VarelaRound-Regular.ttf
20:58:27.628 [FXGL Background Thread 1 ] DEBUG AssetLoader          - Loading from cache: /assets/ui/fonts/VarelaRound-Regular.ttf
20:58:27.629 [FXGL Background Thread 1 ] DEBUG AssetLoader          - Loading from cache: /assets/ui/fonts/VarelaRound-Regular.ttf
20:58:27.631 [FXGL Background Thread 1 ] DEBUG InitAppTask          - Initialization Complete
20:58:27.631 [FXGL Background Thread 1 ] INFO  InitAppTask          - Game initialization took: 0,223 sec
20:58:27.640 [JavaFX Application Thread] DEBUG Input                - Clearing active input actions
20:58:27.640 [JavaFX Application Thread] DEBUG AssetLoader          - Loading from disk: /assets/ui/css/fxgl_dark.css
20:58:27.653 [JavaFX Application Thread] DEBUG AppStateMachine      - LoadingState -> PlayState
20:58:28.455 [JavaFX Application Thread] DEBUG AssetLoader          - Loading from disk: /assets/textures/golden.png
20:58:28.480 [JavaFX Application Thread] DEBUG AssetLoader          - Loading from disk: /assets/textures/metal.png
20:58:28.485 [JavaFX Application Thread] DEBUG AssetLoader          - Loading from disk: /assets/textures/glass.png
20:58:28.490 [JavaFX Application Thread] DEBUG AssetLoader          - Loading from cache: /assets/textures/metal.png@60.0x30.0
20:58:28.491 [JavaFX Application Thread] DEBUG AssetLoader          - Loading from cache: /assets/textures/glass.png@60.0x30.0
20:58:28.492 [JavaFX Application Thread] DEBUG AssetLoader          - Loading from disk: /assets/textures/wood.png
20:58:28.498 [JavaFX Application Thread] DEBUG AssetLoader          - Loading from cache: /assets/textures/metal.png@60.0x30.0
20:58:33.399 [JavaFX Application Thread] DEBUG AssetLoader          - Loading from cache: /assets/sounds/glass_hit2.wav
20:58:34.324 [JavaFX Application Thread] DEBUG AssetLoader          - Loading from cache: /assets/sounds/metal_hit3.wav
20:58:34.326 [JavaFX Application Thread] DEBUG AssetLoader          - Loading from disk: /assets/textures/woodd.png
20:58:38.942 [JavaFX Application Thread] DEBUG AssetLoader          - Loading from cache: /assets/sounds/test2.wav
20:58:39.794 [JavaFX Application Thread] DEBUG AssetLoader          - Loading from cache: /assets/sounds/metal_hit3.wav
21:00:10.921 [JavaFX Application Thread] DEBUG FXGL                 - Exiting FXGL
21:00:10.922 [JavaFX Application Thread] DEBUG FXGL                 - Shutting down background threads
21:00:10.922 [JavaFX Application Thread] DEBUG FXGL                 - Saving FXGL system data
21:00:10.924 [JavaFX Application Thread] DEBUG DesktopFSService     - Writing to: system/fxgl.bundle
21:00:10.938 [JavaFX Application Thread] DEBUG FXGL                 - Closing logger and exiting JavaFX
