21:00:08.200 [JavaFX Application Thread] DEBUG GameApplication      - Logger initialized
21:00:08.217 [JavaFX Application Thread] DEBUG GameApplication      - Logging settings
Title: Breakout App
Version: 0.1
Width: 800
Height: 600
Fullscreen: false
Intro: false
Menus: false
Profiling: false
Single step:false
App Mode: DEVELOPER
Menu Key: ESCAPE
Stage Style: DECORATED
Scene Factory: class com.almasb.fxgl.scene.SceneFactory
Dialog Factory: class com.almasb.fxgl.ui.FXGLDialogFactory
UI Factory: class com.almasb.fxgl.ui.FXGLUIFactory
Notification Service: class com.almasb.fxgl.gameplay.notification.XboxNotificationView
Exception Handler: class com.almasb.fxgl.app.FXGLExceptionHandler
21:00:08.218 [JavaFX Application Thread] DEBUG GameApplication      - Starting FXGL
21:00:08.236 [JavaFX Application Thread] INFO  FXGL                 - FXGL-0.5.4 on DESKTOP
21:00:08.236 [JavaFX Application Thread] INFO  FXGL                 - Source code and latest versions at: https://github.com/AlmasB/FXGL
21:00:08.237 [JavaFX Application Thread] INFO  FXGL                 -              Join the FXGL chat at: https://gitter.im/AlmasB/FXGL
21:00:08.237 [JavaFX Application Thread] DEBUG FXGL                 - FXGL started
21:00:08.238 [JavaFX Application Thread] DEBUG FXGL                 - Initializing FXGL
21:00:08.335 [JavaFX Application Thread] DEBUG AssetLoader          - Loading from disk: /assets/ui/cursors/fxgl_default.png
21:00:08.474 [JavaFX Application Thread] DEBUG AssetLoader          - Loading from disk: /assets/ui/fonts/VarelaRound-Regular.ttf
21:00:08.560 [JavaFX Application Thread] DEBUG MainWindow           - Creating a JavaFX scene
21:00:08.636 [JavaFX Application Thread] DEBUG MainWindow           - Target settings size: 800.0 x 600.0
21:00:08.636 [JavaFX Application Thread] DEBUG MainWindow           - Scaled scene size:    800.0 x 600.0
21:00:08.636 [JavaFX Application Thread] DEBUG MainWindow           - Scaled ratio: (1.0, 1.0)
21:00:08.641 [JavaFX Application Thread] DEBUG AssetLoader          - Loading from disk: /assets/ui/css/fxgl_dark.css
21:00:08.646 [JavaFX Application Thread] DEBUG AssetLoader          - Loading from disk: /assets/textures/fxgl_icon.png
21:00:08.683 [JavaFX Application Thread] DEBUG MainWindow           - Opening main window
21:00:09.007 [JavaFX Application Thread] DEBUG MainWindow           - Window border size: (0.0, 35.0)
21:00:09.008 [JavaFX Application Thread] DEBUG MainWindow           - Scaled size: 800.0 x 565.0
21:00:09.010 [JavaFX Application Thread] DEBUG MainWindow           - Scaled ratio: (1.0, 0.9416666666666667)
21:00:09.014 [JavaFX Application Thread] DEBUG MainWindow           - Scene size: 800.0 x 600.0
21:00:09.015 [JavaFX Application Thread] DEBUG MainWindow           - Stage size: 800.0 x 600.0
21:00:09.125 [ForkJoinPool.commonPool-worker-1] DEBUG FS                   - Loaded DesktopFSService
21:00:09.125 [ForkJoinPool.commonPool-worker-1] DEBUG FXGL                 - Loading FXGL system data
21:00:09.137 [ForkJoinPool.commonPool-worker-1] DEBUG DesktopFSService     - Reading from: system/fxgl.bundle
21:00:09.169 [ForkJoinPool.commonPool-worker-1] DEBUG Bundle               - Logging bundle: FXGL
21:00:09.171 [ForkJoinPool.commonPool-worker-1] DEBUG Bundle               - FXGL.offline.timer.version.check=2018-12-15T12:10:43.599
21:00:09.187 [ForkJoinPool.commonPool-worker-1] DEBUG FXGL                 - Initializing state machine and application states
21:00:09.190 [ForkJoinPool.commonPool-worker-1] DEBUG AssetLoader          - Loading from disk: /assets/ui/cursors/fxgl_default.png
21:00:09.201 [ForkJoinPool.commonPool-worker-1] DEBUG AssetLoader          - Loading from disk: /assets/ui/cursors/fxgl_default.png
21:00:09.241 [ForkJoinPool.commonPool-worker-1] DEBUG AssetLoader          - Loading from cache: /assets/ui/fonts/VarelaRound-Regular.ttf
21:00:09.244 [ForkJoinPool.commonPool-worker-1] DEBUG AssetLoader          - Loading from disk: /assets/ui/cursors/fxgl_default.png
21:00:09.258 [ForkJoinPool.commonPool-worker-1] DEBUG GameScene            - Game scene initialized: 800x600
21:00:09.285 [ForkJoinPool.commonPool-worker-1] DEBUG GameWorld            - Game world initialized
21:00:09.387 [ForkJoinPool.commonPool-worker-1] DEBUG PhysicsWorld         - Physics world initialized: appHeight=600, physics.ppm=50,0
21:00:09.406 [JavaFX Application Thread] DEBUG FXGL                 - Exiting FXGL
21:00:09.406 [JavaFX Application Thread] DEBUG FXGL                 - Shutting down background threads
21:00:09.406 [JavaFX Application Thread] DEBUG FXGL                 - Saving FXGL system data
21:00:09.409 [JavaFX Application Thread] DEBUG DesktopFSService     - Writing to: system/fxgl.bundle
21:00:09.417 [JavaFX Application Thread] DEBUG FXGL                 - Closing logger and exiting JavaFX
21:00:09.425 [ForkJoinPool.commonPool-worker-1] DEBUG Input                - Registered new binding: Pause - Esc
