20:57:56.716 [JavaFX Application Thread] DEBUG GameApplication      - Logger initialized
20:57:56.732 [JavaFX Application Thread] DEBUG GameApplication      - Logging settings
Title: Breakout App
Version: 0.1
Width: 800
Height: 600
Fullscreen: false
Intro: false
Menus: false
Profiling: false
Single step:false
App Mode: DEVELOPER
Menu Key: ESCAPE
Stage Style: DECORATED
Scene Factory: class com.almasb.fxgl.scene.SceneFactory
Dialog Factory: class com.almasb.fxgl.ui.FXGLDialogFactory
UI Factory: class com.almasb.fxgl.ui.FXGLUIFactory
Notification Service: class com.almasb.fxgl.gameplay.notification.XboxNotificationView
Exception Handler: class com.almasb.fxgl.app.FXGLExceptionHandler
20:57:56.732 [JavaFX Application Thread] DEBUG GameApplication      - Starting FXGL
20:57:56.738 [JavaFX Application Thread] INFO  FXGL                 - FXGL-0.5.4 on DESKTOP
20:57:56.738 [JavaFX Application Thread] INFO  FXGL                 - Source code and latest versions at: https://github.com/AlmasB/FXGL
20:57:56.738 [JavaFX Application Thread] INFO  FXGL                 -              Join the FXGL chat at: https://gitter.im/AlmasB/FXGL
20:57:56.739 [JavaFX Application Thread] DEBUG FXGL                 - FXGL started
20:57:56.739 [JavaFX Application Thread] DEBUG FXGL                 - Initializing FXGL
20:57:56.796 [JavaFX Application Thread] DEBUG AssetLoader          - Loading from disk: /assets/ui/cursors/fxgl_default.png
20:57:56.908 [JavaFX Application Thread] DEBUG AssetLoader          - Loading from disk: /assets/ui/fonts/VarelaRound-Regular.ttf
20:57:57.002 [JavaFX Application Thread] DEBUG MainWindow           - Creating a JavaFX scene
20:57:57.082 [JavaFX Application Thread] DEBUG MainWindow           - Target settings size: 800.0 x 600.0
20:57:57.082 [JavaFX Application Thread] DEBUG MainWindow           - Scaled scene size:    800.0 x 600.0
20:57:57.083 [JavaFX Application Thread] DEBUG MainWindow           - Scaled ratio: (1.0, 1.0)
20:57:57.087 [JavaFX Application Thread] DEBUG AssetLoader          - Loading from disk: /assets/ui/css/fxgl_dark.css
20:57:57.092 [JavaFX Application Thread] DEBUG AssetLoader          - Loading from disk: /assets/textures/fxgl_icon.png
20:57:57.120 [JavaFX Application Thread] DEBUG MainWindow           - Opening main window
20:57:57.405 [JavaFX Application Thread] DEBUG MainWindow           - Window border size: (0.0, 35.0)
20:57:57.413 [JavaFX Application Thread] DEBUG MainWindow           - Scaled size: 800.0 x 565.0
20:57:57.414 [JavaFX Application Thread] DEBUG MainWindow           - Scaled ratio: (1.0, 0.9416666666666667)
20:57:57.417 [JavaFX Application Thread] DEBUG MainWindow           - Scene size: 800.0 x 600.0
20:57:57.418 [JavaFX Application Thread] DEBUG MainWindow           - Stage size: 800.0 x 600.0
20:57:57.495 [ForkJoinPool.commonPool-worker-1] DEBUG FS                   - Loaded DesktopFSService
20:57:57.495 [ForkJoinPool.commonPool-worker-1] DEBUG FXGL                 - Loading FXGL system data
20:57:57.503 [ForkJoinPool.commonPool-worker-1] DEBUG DesktopFSService     - Reading from: system/fxgl.bundle
20:57:57.519 [ForkJoinPool.commonPool-worker-1] DEBUG Bundle               - Logging bundle: FXGL
20:57:57.520 [ForkJoinPool.commonPool-worker-1] DEBUG Bundle               - FXGL.offline.timer.version.check=2018-12-15T12:10:43.599
20:57:57.521 [ForkJoinPool.commonPool-worker-1] DEBUG FXGL                 - Initializing state machine and application states
20:57:57.522 [ForkJoinPool.commonPool-worker-1] DEBUG AssetLoader          - Loading from disk: /assets/ui/cursors/fxgl_default.png
20:57:57.537 [ForkJoinPool.commonPool-worker-1] DEBUG AssetLoader          - Loading from disk: /assets/ui/cursors/fxgl_default.png
20:57:57.557 [ForkJoinPool.commonPool-worker-1] DEBUG AssetLoader          - Loading from cache: /assets/ui/fonts/VarelaRound-Regular.ttf
20:57:57.560 [ForkJoinPool.commonPool-worker-1] DEBUG AssetLoader          - Loading from disk: /assets/ui/cursors/fxgl_default.png
20:57:57.575 [ForkJoinPool.commonPool-worker-1] DEBUG GameScene            - Game scene initialized: 800x600
20:57:57.586 [ForkJoinPool.commonPool-worker-1] DEBUG GameWorld            - Game world initialized
20:57:57.729 [ForkJoinPool.commonPool-worker-1] DEBUG PhysicsWorld         - Physics world initialized: appHeight=600, physics.ppm=50,0
20:57:57.814 [ForkJoinPool.commonPool-worker-1] DEBUG Input                - Registered new binding: Pause - Esc
20:57:57.879 [JavaFX Application Thread] DEBUG FXGL                 - Running preInit()
20:57:57.881 [JavaFX Application Thread] DEBUG Input                - Registered new binding: Screenshot - P
20:57:57.882 [JavaFX Application Thread] DEBUG Input                - Registered new binding: Dev Options - CTRL+0
20:57:57.882 [JavaFX Application Thread] DEBUG Input                - Registered new binding: System info dump - CTRL+9
20:57:57.883 [JavaFX Application Thread] DEBUG Input                - Registered new binding: Restart - CTRL+R
20:57:57.883 [JavaFX Application Thread] DEBUG Input                - Registered new binding: Move Right - D
20:57:57.883 [JavaFX Application Thread] DEBUG Input                - Registered new binding: Move Left - A
20:57:57.884 [JavaFX Application Thread] DEBUG Input                - Registered new binding: Release Ball - Space
20:57:57.884 [JavaFX Application Thread] DEBUG Input                - Registered new binding: Add Level - N
20:57:57.885 [JavaFX Application Thread] INFO  FXGL                 - FXGL initialization took: 1,145 sec
20:57:57.885 [JavaFX Application Thread] DEBUG LoopRunner           - Starting loop
20:57:57.888 [JavaFX Application Thread] DEBUG StartupState         - STARTUP
20:57:57.888 [JavaFX Application Thread] DEBUG GameApplication      - Starting new game
20:57:57.888 [JavaFX Application Thread] DEBUG Input                - Clearing active input actions
20:57:57.889 [JavaFX Application Thread] DEBUG AssetLoader          - Loading from disk: /assets/ui/css/fxgl_dark.css
20:57:57.901 [JavaFX Application Thread] DEBUG AppStateMachine      - StartupState -> LoadingState
20:57:57.919 [FXGL Background Thread 1 ] DEBUG InitAppTask          - Clearing previous game
20:57:57.919 [FXGL Background Thread 1 ] DEBUG GameWorld            - Clearing game world
20:57:57.919 [FXGL Background Thread 1 ] DEBUG PhysicsWorld         - Clearing physics world
20:57:57.920 [FXGL Background Thread 1 ] DEBUG GameScene            - Clearing game scene
20:57:57.921 [FXGL Background Thread 1 ] DEBUG InitAppTask          - Initializing Game
20:57:58.121 [FXGL Background Thread 1 ] DEBUG GameScene            - Creating render group for layer: DEFAULT(100000)
20:57:58.125 [FXGL Background Thread 1 ] DEBUG GameScene            - Creating render group for layer: BACKGROUND(1000)
20:57:58.126 [FXGL Background Thread 1 ] DEBUG InitAppTask          - Initializing Physics
20:57:58.126 [FXGL Background Thread 1 ] DEBUG InitAppTask          - Initializing UI
20:57:58.127 [FXGL Background Thread 1 ] DEBUG AssetLoader          - Loading from cache: /assets/ui/fonts/VarelaRound-Regular.ttf
20:57:58.127 [FXGL Background Thread 1 ] DEBUG AssetLoader          - Loading from cache: /assets/ui/fonts/VarelaRound-Regular.ttf
20:57:58.128 [FXGL Background Thread 1 ] DEBUG AssetLoader          - Loading from cache: /assets/ui/fonts/VarelaRound-Regular.ttf
20:57:58.129 [FXGL Background Thread 1 ] DEBUG AssetLoader          - Loading from cache: /assets/ui/fonts/VarelaRound-Regular.ttf
20:57:58.130 [FXGL Background Thread 1 ] DEBUG AssetLoader          - Loading from cache: /assets/ui/fonts/VarelaRound-Regular.ttf
20:57:58.130 [FXGL Background Thread 1 ] DEBUG AssetLoader          - Loading from cache: /assets/ui/fonts/VarelaRound-Regular.ttf
20:57:58.133 [FXGL Background Thread 1 ] DEBUG InitAppTask          - Initialization Complete
20:57:58.133 [FXGL Background Thread 1 ] INFO  InitAppTask          - Game initialization took: 0,214 sec
20:57:58.139 [JavaFX Application Thread] DEBUG Input                - Clearing active input actions
20:57:58.140 [JavaFX Application Thread] DEBUG AssetLoader          - Loading from disk: /assets/ui/css/fxgl_dark.css
20:57:58.150 [JavaFX Application Thread] DEBUG AppStateMachine      - LoadingState -> PlayState
20:57:58.477 [JavaFX Application Thread] DEBUG AssetLoader          - Loading from disk: /assets/textures/metal.png
20:57:58.485 [JavaFX Application Thread] DEBUG AssetLoader          - Loading from disk: /assets/textures/golden.png
20:57:58.488 [JavaFX Application Thread] DEBUG AssetLoader          - Loading from disk: /assets/textures/wood.png
20:58:00.636 [JavaFX Application Thread] DEBUG AssetLoader          - Loading from cache: /assets/ui/fonts/VarelaRound-Regular.ttf
20:58:04.556 [JavaFX Application Thread] DEBUG FXGL                 - Exiting FXGL
20:58:04.557 [JavaFX Application Thread] DEBUG FXGL                 - Shutting down background threads
20:58:04.560 [JavaFX Application Thread] DEBUG FXGL                 - Saving FXGL system data
20:58:04.571 [JavaFX Application Thread] DEBUG DesktopFSService     - Writing to: system/fxgl.bundle
20:58:04.584 [JavaFX Application Thread] DEBUG FXGL                 - Closing logger and exiting JavaFX
