21:17:32.731 [JavaFX Application Thread] DEBUG GameApplication      - Logger initialized
21:17:32.754 [JavaFX Application Thread] DEBUG GameApplication      - Logging settings
Title: Breakout App
Version: 0.1
Width: 800
Height: 600
Fullscreen: false
Intro: false
Menus: false
Profiling: false
Single step:false
App Mode: DEVELOPER
Menu Key: ESCAPE
Stage Style: DECORATED
Scene Factory: class com.almasb.fxgl.scene.SceneFactory
Dialog Factory: class com.almasb.fxgl.ui.FXGLDialogFactory
UI Factory: class com.almasb.fxgl.ui.FXGLUIFactory
Notification Service: class com.almasb.fxgl.gameplay.notification.XboxNotificationView
Exception Handler: class com.almasb.fxgl.app.FXGLExceptionHandler
21:17:32.754 [JavaFX Application Thread] DEBUG GameApplication      - Starting FXGL
21:17:32.762 [JavaFX Application Thread] INFO  FXGL                 - FXGL-0.5.4 on DESKTOP
21:17:32.762 [JavaFX Application Thread] INFO  FXGL                 - Source code and latest versions at: https://github.com/AlmasB/FXGL
21:17:32.763 [JavaFX Application Thread] INFO  FXGL                 -              Join the FXGL chat at: https://gitter.im/AlmasB/FXGL
21:17:32.769 [JavaFX Application Thread] DEBUG FXGL                 - FXGL started
21:17:32.769 [JavaFX Application Thread] DEBUG FXGL                 - Initializing FXGL
21:17:32.832 [JavaFX Application Thread] DEBUG AssetLoader          - Loading from disk: /assets/ui/cursors/fxgl_default.png
21:17:32.974 [JavaFX Application Thread] DEBUG AssetLoader          - Loading from disk: /assets/ui/fonts/VarelaRound-Regular.ttf
21:17:33.071 [JavaFX Application Thread] DEBUG MainWindow           - Creating a JavaFX scene
21:17:33.137 [JavaFX Application Thread] DEBUG MainWindow           - Target settings size: 800.0 x 600.0
21:17:33.137 [JavaFX Application Thread] DEBUG MainWindow           - Scaled scene size:    800.0 x 600.0
21:17:33.138 [JavaFX Application Thread] DEBUG MainWindow           - Scaled ratio: (1.0, 1.0)
21:17:33.142 [JavaFX Application Thread] DEBUG AssetLoader          - Loading from disk: /assets/ui/css/fxgl_dark.css
21:17:33.150 [JavaFX Application Thread] DEBUG AssetLoader          - Loading from disk: /assets/textures/fxgl_icon.png
21:17:33.182 [JavaFX Application Thread] DEBUG MainWindow           - Opening main window
21:17:33.452 [JavaFX Application Thread] DEBUG MainWindow           - Window border size: (0.0, 35.0)
21:17:33.453 [JavaFX Application Thread] DEBUG MainWindow           - Scaled size: 800.0 x 565.0
21:17:33.454 [JavaFX Application Thread] DEBUG MainWindow           - Scaled ratio: (1.0, 0.9416666666666667)
21:17:33.456 [JavaFX Application Thread] DEBUG MainWindow           - Scene size: 800.0 x 600.0
21:17:33.456 [JavaFX Application Thread] DEBUG MainWindow           - Stage size: 800.0 x 600.0
21:17:33.556 [ForkJoinPool.commonPool-worker-1] DEBUG FS                   - Loaded DesktopFSService
21:17:33.561 [ForkJoinPool.commonPool-worker-1] DEBUG FXGL                 - Loading FXGL system data
21:17:33.576 [ForkJoinPool.commonPool-worker-1] DEBUG DesktopFSService     - Reading from: system/fxgl.bundle
21:17:33.607 [ForkJoinPool.commonPool-worker-1] DEBUG Bundle               - Logging bundle: FXGL
21:17:33.609 [ForkJoinPool.commonPool-worker-1] DEBUG Bundle               - FXGL.offline.timer.version.check=2018-12-15T12:10:43.599
21:17:33.610 [ForkJoinPool.commonPool-worker-1] DEBUG FXGL                 - Initializing state machine and application states
21:17:33.611 [ForkJoinPool.commonPool-worker-1] DEBUG AssetLoader          - Loading from disk: /assets/ui/cursors/fxgl_default.png
21:17:33.623 [ForkJoinPool.commonPool-worker-1] DEBUG AssetLoader          - Loading from disk: /assets/ui/cursors/fxgl_default.png
21:17:33.642 [ForkJoinPool.commonPool-worker-1] DEBUG AssetLoader          - Loading from cache: /assets/ui/fonts/VarelaRound-Regular.ttf
21:17:33.646 [ForkJoinPool.commonPool-worker-1] DEBUG AssetLoader          - Loading from disk: /assets/ui/cursors/fxgl_default.png
21:17:33.652 [ForkJoinPool.commonPool-worker-1] DEBUG GameScene            - Game scene initialized: 800x600
21:17:33.670 [ForkJoinPool.commonPool-worker-1] DEBUG GameWorld            - Game world initialized
21:17:33.815 [ForkJoinPool.commonPool-worker-1] DEBUG PhysicsWorld         - Physics world initialized: appHeight=600, physics.ppm=50,0
21:17:33.873 [ForkJoinPool.commonPool-worker-1] DEBUG Input                - Registered new binding: Pause - Esc
21:17:33.968 [JavaFX Application Thread] DEBUG FXGL                 - Running preInit()
21:17:33.976 [JavaFX Application Thread] DEBUG Input                - Registered new binding: Screenshot - P
21:17:33.976 [JavaFX Application Thread] DEBUG Input                - Registered new binding: Dev Options - CTRL+0
21:17:33.977 [JavaFX Application Thread] DEBUG Input                - Registered new binding: System info dump - CTRL+9
21:17:33.977 [JavaFX Application Thread] DEBUG Input                - Registered new binding: Restart - CTRL+R
21:17:33.977 [JavaFX Application Thread] DEBUG Input                - Registered new binding: Move Right - D
21:17:33.978 [JavaFX Application Thread] DEBUG Input                - Registered new binding: Move Left - A
21:17:33.980 [JavaFX Application Thread] DEBUG Input                - Registered new binding: Release Ball - Space
21:17:33.980 [JavaFX Application Thread] DEBUG Input                - Registered new binding: Add Level - N
21:17:33.981 [JavaFX Application Thread] INFO  FXGL                 - FXGL initialization took: 1,211 sec
21:17:33.981 [JavaFX Application Thread] DEBUG LoopRunner           - Starting loop
21:17:33.983 [JavaFX Application Thread] DEBUG StartupState         - STARTUP
21:17:33.983 [JavaFX Application Thread] DEBUG GameApplication      - Starting new game
21:17:33.984 [JavaFX Application Thread] DEBUG Input                - Clearing active input actions
21:17:33.986 [JavaFX Application Thread] DEBUG AssetLoader          - Loading from disk: /assets/ui/css/fxgl_dark.css
21:17:33.995 [JavaFX Application Thread] DEBUG AppStateMachine      - StartupState -> LoadingState
21:17:34.004 [FXGL Background Thread 1 ] DEBUG InitAppTask          - Clearing previous game
21:17:34.004 [FXGL Background Thread 1 ] DEBUG GameWorld            - Clearing game world
21:17:34.004 [FXGL Background Thread 1 ] DEBUG PhysicsWorld         - Clearing physics world
21:17:34.004 [FXGL Background Thread 1 ] DEBUG GameScene            - Clearing game scene
21:17:34.006 [FXGL Background Thread 1 ] DEBUG InitAppTask          - Initializing Game
21:17:34.258 [FXGL Background Thread 1 ] DEBUG GameScene            - Creating render group for layer: DEFAULT(100000)
21:17:34.261 [FXGL Background Thread 1 ] DEBUG GameScene            - Creating render group for layer: BACKGROUND(1000)
21:17:34.262 [FXGL Background Thread 1 ] DEBUG InitAppTask          - Initializing Physics
21:17:34.263 [FXGL Background Thread 1 ] DEBUG InitAppTask          - Initializing UI
21:17:34.264 [FXGL Background Thread 1 ] DEBUG AssetLoader          - Loading from cache: /assets/ui/fonts/VarelaRound-Regular.ttf
21:17:34.264 [FXGL Background Thread 1 ] DEBUG AssetLoader          - Loading from cache: /assets/ui/fonts/VarelaRound-Regular.ttf
21:17:34.265 [FXGL Background Thread 1 ] DEBUG AssetLoader          - Loading from cache: /assets/ui/fonts/VarelaRound-Regular.ttf
21:17:34.266 [FXGL Background Thread 1 ] DEBUG AssetLoader          - Loading from cache: /assets/ui/fonts/VarelaRound-Regular.ttf
21:17:34.267 [FXGL Background Thread 1 ] DEBUG AssetLoader          - Loading from cache: /assets/ui/fonts/VarelaRound-Regular.ttf
21:17:34.267 [FXGL Background Thread 1 ] DEBUG AssetLoader          - Loading from cache: /assets/ui/fonts/VarelaRound-Regular.ttf
21:17:34.270 [FXGL Background Thread 1 ] DEBUG InitAppTask          - Initialization Complete
21:17:34.270 [FXGL Background Thread 1 ] INFO  InitAppTask          - Game initialization took: 0,266 sec
21:17:34.274 [JavaFX Application Thread] DEBUG Input                - Clearing active input actions
21:17:34.274 [JavaFX Application Thread] DEBUG AssetLoader          - Loading from disk: /assets/ui/css/fxgl_dark.css
21:17:34.295 [JavaFX Application Thread] DEBUG AppStateMachine      - LoadingState -> PlayState
21:17:35.873 [JavaFX Application Thread] DEBUG AssetLoader          - Loading from disk: /assets/textures/glass.png
21:17:35.901 [JavaFX Application Thread] DEBUG AssetLoader          - Loading from cache: /assets/textures/glass.png@60.0x30.0
21:17:35.902 [JavaFX Application Thread] DEBUG AssetLoader          - Loading from cache: /assets/textures/glass.png@60.0x30.0
21:17:35.904 [JavaFX Application Thread] DEBUG AssetLoader          - Loading from cache: /assets/textures/glass.png@60.0x30.0
21:17:35.905 [JavaFX Application Thread] DEBUG AssetLoader          - Loading from disk: /assets/textures/golden.png
21:17:35.916 [JavaFX Application Thread] DEBUG AssetLoader          - Loading from cache: /assets/textures/glass.png@60.0x30.0
21:17:39.591 [JavaFX Application Thread] DEBUG FXGL                 - Exiting FXGL
21:17:39.592 [JavaFX Application Thread] DEBUG FXGL                 - Shutting down background threads
21:17:39.594 [JavaFX Application Thread] DEBUG FXGL                 - Saving FXGL system data
21:17:39.605 [JavaFX Application Thread] DEBUG DesktopFSService     - Writing to: system/fxgl.bundle
21:17:39.619 [JavaFX Application Thread] DEBUG FXGL                 - Closing logger and exiting JavaFX
